<?xml version="1.0" encoding="UTF-8"?>
<!-- Generated by org.testng.reporters.JUnitXMLReporter -->
<testsuite ignored="0" hostname="DESKTOP-KBM2E74" failures="0" tests="15" name="Default test" time="50.013" errors="0" timestamp="2024-04-16T18:26:59 IST">
  <testcase classname="logins.Loginexcl" name="loginTest" time="17.099"/>
  <testcase classname="logins.Loginexcl" name="loginTest" time="1.604"/>
  <testcase classname="logins.Loginexcl" name="loginTest" time="1.522"/>
  <testcase classname="logins.Loginexcl" name="loginTest" time="1.559"/>
  <testcase classname="logins.Loginexcl" name="loginTest" time="1.475"/>
  <testcase classname="logins.Loginexcl" name="loginTest" time="1.447"/>
  <testcase classname="logins.Loginexcl" name="loginTest" time="1.513"/>
  <testcase classname="logins.Loginexcl" name="loginTest" time="1.784"/>
  <testcase classname="logins.Loginexcl" name="loginTest" time="1.675"/>
  <testcase classname="logins.Loginexcl" name="loginTest" time="1.462"/>
  <testcase classname="logins.Loginexcl" name="loginTest" time="1.443"/>
  <testcase classname="logins.Loginexcl" name="loginTest" time="1.452"/>
  <testcase classname="logins.Loginexcl" name="loginTest" time="1.447"/>
  <testcase classname="logins.Loginexcl" name="loginTest" time="1.444"/>
  <testcase classname="logins.Loginexcl" name="loginTest" time="1.475"/>
</testsuite> <!-- Default test -->
