<?xml version="1.0" encoding="UTF-8"?>
<testng-results ignored="0" total="15" passed="15" failed="0" skipped="0">
  <reporter-output>
  </reporter-output>
  <suite started-at="2024-04-16T18:26:09 IST" name="Default suite" finished-at="2024-04-16T18:26:59 IST" duration-ms="50013">
    <groups>
    </groups>
    <test started-at="2024-04-16T18:26:09 IST" name="Default test" finished-at="2024-04-16T18:26:59 IST" duration-ms="50013">
      <class name="logins.Loginexcl">
        <test-method is-config="true" signature="setup()[pri:0, instance:logins.Loginexcl@7ce69770]" started-at="2024-04-16T18:26:09 IST" name="setup" finished-at="2024-04-16T18:26:19 IST" duration-ms="9749" status="PASS">
          <reporter-output>
          </reporter-output>
        </test-method> <!-- setup -->
        <test-method signature="loginTest(java.lang.String,java.lang.String)[pri:0, instance:logins.Loginexcl@7ce69770]" started-at="2024-04-16T18:26:20 IST" name="loginTest" data-provider="getData" finished-at="2024-04-16T18:26:37 IST" duration-ms="17099" status="PASS">
          <params>
            <param index="0">
              <value>
                <![CDATA[9730020956]]>
              </value>
            </param>
            <param index="1">
              <value>
                <![CDATA[Aa@4553]]>
              </value>
            </param>
          </params>
          <reporter-output>
          </reporter-output>
        </test-method> <!-- loginTest -->
        <test-method signature="loginTest(java.lang.String,java.lang.String)[pri:0, instance:logins.Loginexcl@7ce69770]" started-at="2024-04-16T18:26:38 IST" name="loginTest" data-provider="getData" finished-at="2024-04-16T18:26:39 IST" duration-ms="1604" status="PASS">
          <params>
            <param index="0">
              <value>
                <![CDATA[9730020958]]>
              </value>
            </param>
            <param index="1">
              <value>
                <![CDATA[Aa@4554]]>
              </value>
            </param>
          </params>
          <reporter-output>
          </reporter-output>
        </test-method> <!-- loginTest -->
        <test-method signature="loginTest(java.lang.String,java.lang.String)[pri:0, instance:logins.Loginexcl@7ce69770]" started-at="2024-04-16T18:26:39 IST" name="loginTest" data-provider="getData" finished-at="2024-04-16T18:26:41 IST" duration-ms="1522" status="PASS">
          <params>
            <param index="0">
              <value>
                <![CDATA[9730020959]]>
              </value>
            </param>
            <param index="1">
              <value>
                <![CDATA[Aa@4555]]>
              </value>
            </param>
          </params>
          <reporter-output>
          </reporter-output>
        </test-method> <!-- loginTest -->
        <test-method signature="loginTest(java.lang.String,java.lang.String)[pri:0, instance:logins.Loginexcl@7ce69770]" started-at="2024-04-16T18:26:41 IST" name="loginTest" data-provider="getData" finished-at="2024-04-16T18:26:42 IST" duration-ms="1559" status="PASS">
          <params>
            <param index="0">
              <value>
                <![CDATA[9730020960]]>
              </value>
            </param>
            <param index="1">
              <value>
                <![CDATA[Aa@4556]]>
              </value>
            </param>
          </params>
          <reporter-output>
          </reporter-output>
        </test-method> <!-- loginTest -->
        <test-method signature="loginTest(java.lang.String,java.lang.String)[pri:0, instance:logins.Loginexcl@7ce69770]" started-at="2024-04-16T18:26:42 IST" name="loginTest" data-provider="getData" finished-at="2024-04-16T18:26:44 IST" duration-ms="1475" status="PASS">
          <params>
            <param index="0">
              <value>
                <![CDATA[9730020961]]>
              </value>
            </param>
            <param index="1">
              <value>
                <![CDATA[Aa@4557]]>
              </value>
            </param>
          </params>
          <reporter-output>
          </reporter-output>
        </test-method> <!-- loginTest -->
        <test-method signature="loginTest(java.lang.String,java.lang.String)[pri:0, instance:logins.Loginexcl@7ce69770]" started-at="2024-04-16T18:26:44 IST" name="loginTest" data-provider="getData" finished-at="2024-04-16T18:26:45 IST" duration-ms="1447" status="PASS">
          <params>
            <param index="0">
              <value>
                <![CDATA[9730020962]]>
              </value>
            </param>
            <param index="1">
              <value>
                <![CDATA[Aa@4558]]>
              </value>
            </param>
          </params>
          <reporter-output>
          </reporter-output>
        </test-method> <!-- loginTest -->
        <test-method signature="loginTest(java.lang.String,java.lang.String)[pri:0, instance:logins.Loginexcl@7ce69770]" started-at="2024-04-16T18:26:45 IST" name="loginTest" data-provider="getData" finished-at="2024-04-16T18:26:47 IST" duration-ms="1513" status="PASS">
          <params>
            <param index="0">
              <value>
                <![CDATA[9730020963]]>
              </value>
            </param>
            <param index="1">
              <value>
                <![CDATA[Aa@4559]]>
              </value>
            </param>
          </params>
          <reporter-output>
          </reporter-output>
        </test-method> <!-- loginTest -->
        <test-method signature="loginTest(java.lang.String,java.lang.String)[pri:0, instance:logins.Loginexcl@7ce69770]" started-at="2024-04-16T18:26:47 IST" name="loginTest" data-provider="getData" finished-at="2024-04-16T18:26:48 IST" duration-ms="1784" status="PASS">
          <params>
            <param index="0">
              <value>
                <![CDATA[9730020964]]>
              </value>
            </param>
            <param index="1">
              <value>
                <![CDATA[Aa@4560]]>
              </value>
            </param>
          </params>
          <reporter-output>
          </reporter-output>
        </test-method> <!-- loginTest -->
        <test-method signature="loginTest(java.lang.String,java.lang.String)[pri:0, instance:logins.Loginexcl@7ce69770]" started-at="2024-04-16T18:26:48 IST" name="loginTest" data-provider="getData" finished-at="2024-04-16T18:26:50 IST" duration-ms="1675" status="PASS">
          <params>
            <param index="0">
              <value>
                <![CDATA[9730020965]]>
              </value>
            </param>
            <param index="1">
              <value>
                <![CDATA[Aa@4561]]>
              </value>
            </param>
          </params>
          <reporter-output>
          </reporter-output>
        </test-method> <!-- loginTest -->
        <test-method signature="loginTest(java.lang.String,java.lang.String)[pri:0, instance:logins.Loginexcl@7ce69770]" started-at="2024-04-16T18:26:50 IST" name="loginTest" data-provider="getData" finished-at="2024-04-16T18:26:52 IST" duration-ms="1462" status="PASS">
          <params>
            <param index="0">
              <value>
                <![CDATA[9730020966]]>
              </value>
            </param>
            <param index="1">
              <value>
                <![CDATA[Aa@4562]]>
              </value>
            </param>
          </params>
          <reporter-output>
          </reporter-output>
        </test-method> <!-- loginTest -->
        <test-method signature="loginTest(java.lang.String,java.lang.String)[pri:0, instance:logins.Loginexcl@7ce69770]" started-at="2024-04-16T18:26:52 IST" name="loginTest" data-provider="getData" finished-at="2024-04-16T18:26:53 IST" duration-ms="1443" status="PASS">
          <params>
            <param index="0">
              <value>
                <![CDATA[9730020967]]>
              </value>
            </param>
            <param index="1">
              <value>
                <![CDATA[Aa@4563]]>
              </value>
            </param>
          </params>
          <reporter-output>
          </reporter-output>
        </test-method> <!-- loginTest -->
        <test-method signature="loginTest(java.lang.String,java.lang.String)[pri:0, instance:logins.Loginexcl@7ce69770]" started-at="2024-04-16T18:26:53 IST" name="loginTest" data-provider="getData" finished-at="2024-04-16T18:26:54 IST" duration-ms="1452" status="PASS">
          <params>
            <param index="0">
              <value>
                <![CDATA[9730020968]]>
              </value>
            </param>
            <param index="1">
              <value>
                <![CDATA[Aa@4564]]>
              </value>
            </param>
          </params>
          <reporter-output>
          </reporter-output>
        </test-method> <!-- loginTest -->
        <test-method signature="loginTest(java.lang.String,java.lang.String)[pri:0, instance:logins.Loginexcl@7ce69770]" started-at="2024-04-16T18:26:54 IST" name="loginTest" data-provider="getData" finished-at="2024-04-16T18:26:56 IST" duration-ms="1447" status="PASS">
          <params>
            <param index="0">
              <value>
                <![CDATA[9730020969]]>
              </value>
            </param>
            <param index="1">
              <value>
                <![CDATA[Aa@4565]]>
              </value>
            </param>
          </params>
          <reporter-output>
          </reporter-output>
        </test-method> <!-- loginTest -->
        <test-method signature="loginTest(java.lang.String,java.lang.String)[pri:0, instance:logins.Loginexcl@7ce69770]" started-at="2024-04-16T18:26:56 IST" name="loginTest" data-provider="getData" finished-at="2024-04-16T18:26:57 IST" duration-ms="1444" status="PASS">
          <params>
            <param index="0">
              <value>
                <![CDATA[9730020970]]>
              </value>
            </param>
            <param index="1">
              <value>
                <![CDATA[Aa@4566]]>
              </value>
            </param>
          </params>
          <reporter-output>
          </reporter-output>
        </test-method> <!-- loginTest -->
        <test-method signature="loginTest(java.lang.String,java.lang.String)[pri:0, instance:logins.Loginexcl@7ce69770]" started-at="2024-04-16T18:26:57 IST" name="loginTest" data-provider="getData" finished-at="2024-04-16T18:26:59 IST" duration-ms="1475" status="PASS">
          <params>
            <param index="0">
              <value>
                <![CDATA[454444400]]>
              </value>
            </param>
            <param index="1">
              <value>
                <![CDATA[Aa@149488]]>
              </value>
            </param>
          </params>
          <reporter-output>
          </reporter-output>
        </test-method> <!-- loginTest -->
        <test-method is-config="true" signature="tearDown()[pri:0, instance:logins.Loginexcl@7ce69770]" started-at="2024-04-16T18:26:59 IST" name="tearDown" finished-at="2024-04-16T18:26:59 IST" duration-ms="381" status="PASS">
          <reporter-output>
          </reporter-output>
        </test-method> <!-- tearDown -->
      </class> <!-- logins.Loginexcl -->
    </test> <!-- Default test -->
  </suite> <!-- Default suite -->
</testng-results>
